<?xml version="1.0" encoding="UTF-8"?>
<!-- Generated by org.testng.reporters.JUnitXMLReporter -->
<testsuite hostname="Shefali.local" name="Test" tests="1" failures="0" timestamp="8 Apr 2015 05:12:50 GMT" time="0.115" errors="0">
  <testcase name="@BeforeMethod startBrowser" time="0.0" classname="testCasesFiles.ParentLoginTestCases">
    <failure type="java.lang.IllegalStateException" message="The path to the driver executable must be set by the webdriver.chrome.driver system property; for more information, see http://code.google.com/p/selenium/wiki/ChromeDriver. The latest version can be downloaded from http://chromedriver.storage.googleapis.com/index.html">
      <![CDATA[java.lang.IllegalStateException: The path to the driver executable must be set by the webdriver.chrome.driver system property; for more information, see http://code.google.com/p/selenium/wiki/ChromeDriver. The latest version can be downloaded from http://chromedriver.storage.googleapis.com/index.html
	at com.google.common.base.Preconditions.checkState(Preconditions.java:197)
	at org.openqa.selenium.remote.service.DriverService.findExecutable(DriverService.java:110)
	at org.openqa.selenium.chrome.ChromeDriverService.access$0(ChromeDriverService.java:1)
	at org.openqa.selenium.chrome.ChromeDriverService$Builder.findDefaultExecutable(ChromeDriverService.java:118)
	at org.openqa.selenium.remote.service.DriverService$Builder.build(DriverService.java:291)
	at org.openqa.selenium.chrome.ChromeDriverService.createDefaultService(ChromeDriverService.java:82)
	at org.openqa.selenium.chrome.ChromeDriver.<init>(ChromeDriver.java:117)
	at basicFile.baseFlow.startBrowser(baseFlow.java:18)
... Removed 26 stack frames]]>
    </failure>
  </testcase> <!-- @BeforeMethod startBrowser -->
  <testcase name="@AfterMethod closeBrowser" time="0.0" classname="testCasesFiles.ParentLoginTestCases">
    <skipped/>
  </testcase> <!-- @AfterMethod closeBrowser -->
  <testcase name="demoTest" time="0.0010" classname="testCasesFiles.ParentLoginTestCases">
    <skipped/>
  </testcase> <!-- demoTest -->
</testsuite> <!-- Test -->
